# JRE version: OpenJDK Runtime Environment Corretto-17.0.13.11.1 (17.0.13+11) (build 17.0.13+11-LTS)
# Java VM: OpenJDK 64-Bit Server VM Corretto-17.0.13.11.1 (17.0.13+11-LTS, mixed mode, sharing, tiered, compressed oops, compressed class ptrs, g1 gc, windows-amd64)
GC Precious Log:
 CPUs: 16 total, 16 available
 Memory: 11109M
 Large Page Support: Disabled
 NUMA Support: Disabled
 Compressed Oops: Enabled (Zero based)
 Heap Region Size: 2M
 Heap Min Capacity: 8M
 Heap Initial Capacity: 174M
 Heap Max Capacity: 2778M
 Pre-touch: Disabled
 Parallel Workers: 13
 Concurrent Workers: 3
 Concurrent Refinement Workers: 13
 Periodic GC: Disabled
Heap:
 garbage-first heap   total 372736K, used 127963K [0x0000000752600000, 0x0000000800000000)
  region size 2048K, 13 young (26624K), 13 survivors (26624K)
 Metaspace       used 33277K, committed 33728K, reserved 1114112K
  class space    used 4076K, committed 4288K, reserved 1048576K
GC Heap History (20 events):
Event: 4.987 GC heap after
{Heap after GC invocations=14 (full 0):
 garbage-first heap   total 92160K, used 48285K [0x0000000752600000, 0x0000000800000000)
  region size 2048K, 2 young (4096K), 2 survivors (4096K)
 Metaspace       used 33271K, committed 33664K, reserved 1114112K
  class space    used 4076K, committed 4288K, reserved 1048576K
}
Event: 5.010 GC heap before
{Heap before GC invocations=14 (full 0):
 garbage-first heap   total 92160K, used 66717K [0x0000000752600000, 0x0000000800000000)
  region size 2048K, 12 young (24576K), 2 survivors (4096K)
 Metaspace       used 33271K, committed 33664K, reserved 1114112K
  class space    used 4076K, committed 4288K, reserved 1048576K
}
Event: 5.015 GC heap after
{Heap after GC invocations=15 (full 0):
 garbage-first heap   total 186368K, used 49577K [0x0000000752600000, 0x0000000800000000)
  region size 2048K, 2 young (4096K), 2 survivors (4096K)
 Metaspace       used 33271K, committed 33664K, reserved 1114112K
  class space    used 4076K, committed 4288K, reserved 1048576K
}
Event: 5.104 GC heap before
{Heap before GC invocations=16 (full 0):
 garbage-first heap   total 186368K, used 123305K [0x0000000752600000, 0x0000000800000000)
  region size 2048K, 39 young (79872K), 2 survivors (4096K)
 Metaspace       used 33275K, committed 33728K, reserved 1114112K
  class space    used 4076K, committed 4288K, reserved 1048576K
}
Event: 5.109 GC heap after
{Heap after GC invocations=17 (full 0):
 garbage-first heap   total 186368K, used 54111K [0x0000000752600000, 0x0000000800000000)
  region size 2048K, 4 young (8192K), 4 survivors (8192K)
 Metaspace       used 33275K, committed 33728K, reserved 1114112K
  class space    used 4076K, committed 4288K, reserved 1048576K
}
Event: 5.192 GC heap before
{Heap before GC invocations=17 (full 0):
 garbage-first heap   total 186368K, used 129887K [0x0000000752600000, 0x0000000800000000)
  region size 2048K, 42 young (86016K), 4 survivors (8192K)
 Metaspace       used 33275K, committed 33728K, reserved 1114112K
  class space    used 4076K, committed 4288K, reserved 1048576K
}
Event: 5.203 GC heap after
{Heap after GC invocations=18 (full 0):
 garbage-first heap   total 186368K, used 60154K [0x0000000752600000, 0x0000000800000000)
  region size 2048K, 6 young (12288K), 6 survivors (12288K)
 Metaspace       used 33275K, committed 33728K, reserved 1114112K
  class space    used 4076K, committed 4288K, reserved 1048576K
}
Event: 5.273 GC heap before
{Heap before GC invocations=18 (full 0):
 garbage-first heap   total 186368K, used 133882K [0x0000000752600000, 0x0000000800000000)
  region size 2048K, 43 young (88064K), 6 survivors (12288K)
 Metaspace       used 33275K, committed 33728K, reserved 1114112K
  class space    used 4076K, committed 4288K, reserved 1048576K
}
Event: 5.283 GC heap after
{Heap after GC invocations=19 (full 0):
 garbage-first heap   total 186368K, used 65345K [0x0000000752600000, 0x0000000800000000)
  region size 2048K, 3 young (6144K), 3 survivors (6144K)
 Metaspace       used 33275K, committed 33728K, reserved 1114112K
  class space    used 4076K, committed 4288K, reserved 1048576K
}
Event: 5.360 GC heap before
{Heap before GC invocations=19 (full 0):
 garbage-first heap   total 186368K, used 137025K [0x0000000752600000, 0x0000000800000000)
  region size 2048K, 39 young (79872K), 3 survivors (6144K)
 Metaspace       used 33275K, committed 33728K, reserved 1114112K
  class space    used 4076K, committed 4288K, reserved 1048576K
}
Event: 5.367 GC heap after
{Heap after GC invocations=20 (full 0):
 garbage-first heap   total 186368K, used 69689K [0x0000000752600000, 0x0000000800000000)
  region size 2048K, 5 young (10240K), 5 survivors (10240K)
 Metaspace       used 33275K, committed 33728K, reserved 1114112K
  class space    used 4076K, committed 4288K, reserved 1048576K
}
Event: 5.438 GC heap before
{Heap before GC invocations=20 (full 0):
 garbage-first heap   total 186368K, used 141369K [0x0000000752600000, 0x0000000800000000)
  region size 2048K, 41 young (83968K), 5 survivors (10240K)
 Metaspace       used 33275K, committed 33728K, reserved 1114112K
  class space    used 4076K, committed 4288K, reserved 1048576K
}
Event: 5.447 GC heap after
{Heap after GC invocations=21 (full 0):
 garbage-first heap   total 372736K, used 74005K [0x0000000752600000, 0x0000000800000000)
  region size 2048K, 5 young (10240K), 5 survivors (10240K)
 Metaspace       used 33275K, committed 33728K, reserved 1114112K
  class space    used 4076K, committed 4288K, reserved 1048576K
}
Event: 5.623 GC heap before
{Heap before GC invocations=21 (full 0):
 garbage-first heap   total 372736K, used 280853K [0x0000000752600000, 0x0000000800000000)
  region size 2048K, 107 young (219136K), 5 survivors (10240K)
 Metaspace       used 33276K, committed 33728K, reserved 1114112K
  class space    used 4076K, committed 4288K, reserved 1048576K
}
Event: 5.633 GC heap after
{Heap after GC invocations=22 (full 0):
 garbage-first heap   total 372736K, used 85706K [0x0000000752600000, 0x0000000800000000)
  region size 2048K, 11 young (22528K), 11 survivors (22528K)
 Metaspace       used 33276K, committed 33728K, reserved 1114112K
  class space    used 4076K, committed 4288K, reserved 1048576K
}
Event: 5.817 GC heap before
{Heap before GC invocations=22 (full 0):
 garbage-first heap   total 372736K, used 284362K [0x0000000752600000, 0x0000000800000000)
  region size 2048K, 108 young (221184K), 11 survivors (22528K)
 Metaspace       used 33276K, committed 33728K, reserved 1114112K
  class space    used 4076K, committed 4288K, reserved 1048576K
}
Event: 5.833 GC heap after
{Heap after GC invocations=23 (full 0):
 garbage-first heap   total 372736K, used 102433K [0x0000000752600000, 0x0000000800000000)
  region size 2048K, 14 young (28672K), 14 survivors (28672K)
 Metaspace       used 33276K, committed 33728K, reserved 1114112K
  class space    used 4076K, committed 4288K, reserved 1048576K
}
Event: 5.962 GC heap before
{Heap before GC invocations=23 (full 0):
 garbage-first heap   total 372736K, used 286753K [0x0000000752600000, 0x0000000800000000)
  region size 2048K, 105 young (215040K), 14 survivors (28672K)
 Metaspace       used 33277K, committed 33728K, reserved 1114112K
  class space    used 4076K, committed 4288K, reserved 1048576K
}
Event: 5.980 GC heap after
{Heap after GC invocations=24 (full 0):
 garbage-first heap   total 372736K, used 115304K [0x0000000752600000, 0x0000000800000000)
  region size 2048K, 14 young (28672K), 14 survivors (28672K)
 Metaspace       used 33277K, committed 33728K, reserved 1114112K
  class space    used 4076K, committed 4288K, reserved 1048576K
}
Event: 6.113 GC heap before
{Heap before GC invocations=24 (full 0):
 garbage-first heap   total 372736K, used 291432K [0x0000000752600000, 0x0000000800000000)
  region size 2048K, 101 young (206848K), 14 survivors (28672K)
 Metaspace       used 33277K, committed 33728K, reserved 1114112K
  class space    used 4076K, committed 4288K, reserved 1048576K
}

