# JRE version: OpenJDK Runtime Environment Corretto-17.0.13.11.1 (17.0.13+11) (build 17.0.13+11-LTS)
# Java VM: OpenJDK 64-Bit Server VM Corretto-17.0.13.11.1 (17.0.13+11-LTS, mixed mode, sharing, tiered, compressed oops, compressed class ptrs, g1 gc, windows-amd64)
GC Precious Log:
 CPUs: 16 total, 16 available
 Memory: 11109M
 Large Page Support: Disabled
 NUMA Support: Disabled
 Compressed Oops: Enabled (Zero based)
 Heap Region Size: 2M
 Heap Min Capacity: 8M
 Heap Initial Capacity: 174M
 Heap Max Capacity: 2778M
 Pre-touch: Disabled
 Parallel Workers: 13
 Concurrent Workers: 3
 Concurrent Refinement Workers: 13
 Periodic GC: Disabled
Heap:
 garbage-first heap   total 458752K, used 181467K [0x0000000752600000, 0x0000000800000000)
  region size 2048K, 7 young (14336K), 7 survivors (14336K)
 Metaspace       used 40395K, committed 40896K, reserved 1114112K
  class space    used 5414K, committed 5632K, reserved 1048576K
GC Heap History (20 events):
Event: 4.731 GC heap after
{Heap after GC invocations=17 (full 0):
 garbage-first heap   total 229376K, used 54404K [0x0000000752600000, 0x0000000800000000)
  region size 2048K, 2 young (4096K), 2 survivors (4096K)
 Metaspace       used 33284K, committed 33728K, reserved 1114112K
  class space    used 4083K, committed 4288K, reserved 1048576K
}
Event: 4.833 GC heap before
{Heap before GC invocations=18 (full 0):
 garbage-first heap   total 229376K, used 152708K [0x0000000752600000, 0x0000000800000000)
  region size 2048K, 51 young (104448K), 2 survivors (4096K)
 Metaspace       used 33285K, committed 33728K, reserved 1114112K
  class space    used 4083K, committed 4288K, reserved 1048576K
}
Event: 4.842 GC heap after
{Heap after GC invocations=19 (full 0):
 garbage-first heap   total 229376K, used 61485K [0x0000000752600000, 0x0000000800000000)
  region size 2048K, 5 young (10240K), 5 survivors (10240K)
 Metaspace       used 33285K, committed 33728K, reserved 1114112K
  class space    used 4083K, committed 4288K, reserved 1048576K
}
Event: 4.920 GC heap before
{Heap before GC invocations=19 (full 0):
 garbage-first heap   total 229376K, used 163885K [0x0000000752600000, 0x0000000800000000)
  region size 2048K, 56 young (114688K), 5 survivors (10240K)
 Metaspace       used 33285K, committed 33728K, reserved 1114112K
  class space    used 4083K, committed 4288K, reserved 1048576K
}
Event: 4.931 GC heap after
{Heap after GC invocations=20 (full 0):
 garbage-first heap   total 229376K, used 68676K [0x0000000752600000, 0x0000000800000000)
  region size 2048K, 4 young (8192K), 4 survivors (8192K)
 Metaspace       used 33285K, committed 33728K, reserved 1114112K
  class space    used 4083K, committed 4288K, reserved 1048576K
}
Event: 5.007 GC heap before
{Heap before GC invocations=20 (full 0):
 garbage-first heap   total 229376K, used 169028K [0x0000000752600000, 0x0000000800000000)
  region size 2048K, 54 young (110592K), 4 survivors (8192K)
 Metaspace       used 33285K, committed 33728K, reserved 1114112K
  class space    used 4083K, committed 4288K, reserved 1048576K
}
Event: 5.016 GC heap after
{Heap after GC invocations=21 (full 0):
 garbage-first heap   total 229376K, used 74087K [0x0000000752600000, 0x0000000800000000)
  region size 2048K, 7 young (14336K), 7 survivors (14336K)
 Metaspace       used 33285K, committed 33728K, reserved 1114112K
  class space    used 4083K, committed 4288K, reserved 1048576K
}
Event: 5.084 GC heap before
{Heap before GC invocations=21 (full 0):
 garbage-first heap   total 229376K, used 172391K [0x0000000752600000, 0x0000000800000000)
  region size 2048K, 56 young (114688K), 7 survivors (14336K)
 Metaspace       used 33285K, committed 33728K, reserved 1114112K
  class space    used 4083K, committed 4288K, reserved 1048576K
}
Event: 5.094 GC heap after
{Heap after GC invocations=22 (full 0):
 garbage-first heap   total 229376K, used 78952K [0x0000000752600000, 0x0000000800000000)
  region size 2048K, 6 young (12288K), 6 survivors (12288K)
 Metaspace       used 33285K, committed 33728K, reserved 1114112K
  class space    used 4083K, committed 4288K, reserved 1048576K
}
Event: 5.174 GC heap before
{Heap before GC invocations=22 (full 0):
 garbage-first heap   total 229376K, used 177256K [0x0000000752600000, 0x0000000800000000)
  region size 2048K, 55 young (112640K), 6 survivors (12288K)
 Metaspace       used 33285K, committed 33728K, reserved 1114112K
  class space    used 4083K, committed 4288K, reserved 1048576K
}
Event: 5.187 GC heap after
{Heap after GC invocations=23 (full 0):
 garbage-first heap   total 458752K, used 86227K [0x0000000752600000, 0x0000000800000000)
  region size 2048K, 6 young (12288K), 6 survivors (12288K)
 Metaspace       used 33285K, committed 33728K, reserved 1114112K
  class space    used 4083K, committed 4288K, reserved 1048576K
}
Event: 5.436 GC heap before
{Heap before GC invocations=23 (full 0):
 garbage-first heap   total 458752K, used 348371K [0x0000000752600000, 0x0000000800000000)
  region size 2048K, 135 young (276480K), 6 survivors (12288K)
 Metaspace       used 33285K, committed 33728K, reserved 1114112K
  class space    used 4083K, committed 4288K, reserved 1048576K
}
Event: 5.451 GC heap after
{Heap after GC invocations=24 (full 0):
 garbage-first heap   total 458752K, used 106825K [0x0000000752600000, 0x0000000800000000)
  region size 2048K, 15 young (30720K), 15 survivors (30720K)
 Metaspace       used 33285K, committed 33728K, reserved 1114112K
  class space    used 4083K, committed 4288K, reserved 1048576K
}
Event: 5.624 GC heap before
{Heap before GC invocations=24 (full 0):
 garbage-first heap   total 458752K, used 346441K [0x0000000752600000, 0x0000000800000000)
  region size 2048K, 133 young (272384K), 15 survivors (30720K)
 Metaspace       used 33287K, committed 33728K, reserved 1114112K
  class space    used 4083K, committed 4288K, reserved 1048576K
}
Event: 5.643 GC heap after
{Heap after GC invocations=25 (full 0):
 garbage-first heap   total 458752K, used 123930K [0x0000000752600000, 0x0000000800000000)
  region size 2048K, 9 young (18432K), 9 survivors (18432K)
 Metaspace       used 33287K, committed 33728K, reserved 1114112K
  class space    used 4083K, committed 4288K, reserved 1048576K
}
Event: 6.620 GC heap before
{Heap before GC invocations=25 (full 0):
 garbage-first heap   total 458752K, used 355354K [0x0000000752600000, 0x0000000800000000)
  region size 2048K, 123 young (251904K), 9 survivors (18432K)
 Metaspace       used 40352K, committed 40832K, reserved 1114112K
  class space    used 5414K, committed 5632K, reserved 1048576K
}
Event: 6.641 GC heap after
{Heap after GC invocations=26 (full 0):
 garbage-first heap   total 458752K, used 146272K [0x0000000752600000, 0x0000000800000000)
  region size 2048K, 16 young (32768K), 16 survivors (32768K)
 Metaspace       used 40352K, committed 40832K, reserved 1114112K
  class space    used 5414K, committed 5632K, reserved 1048576K
}
Event: 6.827 GC heap before
{Heap before GC invocations=26 (full 0):
 garbage-first heap   total 458752K, used 349024K [0x0000000752600000, 0x0000000800000000)
  region size 2048K, 116 young (237568K), 16 survivors (32768K)
 Metaspace       used 40395K, committed 40896K, reserved 1114112K
  class space    used 5414K, committed 5632K, reserved 1048576K
}
Event: 6.850 GC heap after
{Heap after GC invocations=27 (full 0):
 garbage-first heap   total 458752K, used 168456K [0x0000000752600000, 0x0000000800000000)
  region size 2048K, 11 young (22528K), 11 survivors (22528K)
 Metaspace       used 40395K, committed 40896K, reserved 1114112K
  class space    used 5414K, committed 5632K, reserved 1048576K
}
Event: 6.958 GC heap before
{Heap before GC invocations=27 (full 0):
 garbage-first heap   total 458752K, used 356872K [0x0000000752600000, 0x0000000800000000)
  region size 2048K, 104 young (212992K), 11 survivors (22528K)
 Metaspace       used 40395K, committed 40896K, reserved 1114112K
  class space    used 5414K, committed 5632K, reserved 1048576K
}

